This is pdfTeX, Version 3.141592653-2.6-1.40.25 (TeX Live 2023/Debian) (preloaded format=pdflatex 2026.1.5)  11 MAR 2026 00:02
entering extended mode
 restricted \write18 enabled.
 file:line:error style messages enabled.
 %&-line parsing enabled.
**/home/rodri/AyCD-Proyecto/Informe/main.tex
(/home/rodri/AyCD-Proyecto/Informe/main.tex
LaTeX2e <2023-11-01> patch level 1
L3 programming layer <2024-01-22>
(/usr/share/texlive/texmf-dist/tex/latex/base/article.cls
Document Class: article 2023/05/17 v1.4n Standard LaTeX document class
(/usr/share/texlive/texmf-dist/tex/latex/base/size11.clo
File: size11.clo 2023/05/17 v1.4n Standard LaTeX file (size option)
)
\c@part=\count187
\c@section=\count188
\c@subsection=\count189
\c@subsubsection=\count190
\c@paragraph=\count191
\c@subparagraph=\count192
\c@figure=\count193
\c@table=\count194
\abovecaptionskip=\skip48
\belowcaptionskip=\skip49
\bibindent=\dimen140
) (/usr/share/texlive/texmf-dist/tex/generic/babel/babel.sty
Package: babel 2024/01/07 v24.1 The Babel package
\babel@savecnt=\count195
\U@D=\dimen141
\l@unhyphenated=\language89
 (/usr/share/texlive/texmf-dist/tex/generic/babel/txtbabel.def)
\bbl@readstream=\read2
\bbl@dirlevel=\count196
 (/usr/share/texlive/texmf-dist/tex/generic/babel-spanish/spanish.ldf
Language: spanish.ldf 2021/05/27 v5.0q Spanish support from the babel system
\es@quottoks=\toks17
\es@quotdepth=\count197
Package babel Info: Making " an active character on input line 570.
Package babel Info: Making . an active character on input line 675.
Package babel Info: Making < an active character on input line 722.
Package babel Info: Making > an active character on input line 722.
)) (/usr/share/texlive/texmf-dist/tex/generic/babel/locale/es/babel-spanish.tex
Package babel Info: Importing font and identification data for spanish
(babel)             from babel-es.ini. Reported on input line 11.
) (/usr/share/texlive/texmf-dist/tex/latex/geometry/geometry.sty
Package: geometry 2020/01/02 v5.9 Page Geometry
 (/usr/share/texlive/texmf-dist/tex/latex/graphics/keyval.sty
Package: keyval 2022/05/29 v1.15 key=value parser (DPC)
\KV@toks@=\toks18
) (/usr/share/texlive/texmf-dist/tex/generic/iftex/ifvtex.sty
Package: ifvtex 2019/10/25 v1.7 ifvtex legacy package. Use iftex instead.
 (/usr/share/texlive/texmf-dist/tex/generic/iftex/iftex.sty
Package: iftex 2022/02/03 v1.0f TeX engine tests
))
\Gm@cnth=\count198
\Gm@cntv=\count199
\c@Gm@tempcnt=\count266
\Gm@bindingoffset=\dimen142
\Gm@wd@mp=\dimen143
\Gm@odd@mp=\dimen144
\Gm@even@mp=\dimen145
\Gm@layoutwidth=\dimen146
\Gm@layoutheight=\dimen147
\Gm@layouthoffset=\dimen148
\Gm@layoutvoffset=\dimen149
\Gm@dimlist=\toks19
) (/usr/share/texlive/texmf-dist/tex/latex/parskip/parskip.sty
Package: parskip 2021-03-14 v2.0h non-zero parskip adjustments
 (/usr/share/texlive/texmf-dist/tex/latex/kvoptions/kvoptions.sty
Package: kvoptions 2022-06-15 v3.15 Key value format for package options (HO)
 (/usr/share/texlive/texmf-dist/tex/generic/ltxcmds/ltxcmds.sty
Package: ltxcmds 2023-12-04 v1.26 LaTeX kernel commands for general use (HO)
) (/usr/share/texlive/texmf-dist/tex/latex/kvsetkeys/kvsetkeys.sty
Package: kvsetkeys 2022-10-05 v1.19 Key value parser (HO)
)) (/usr/share/texlive/texmf-dist/tex/latex/etoolbox/etoolbox.sty
Package: etoolbox 2020/10/05 v2.5k e-TeX tools for LaTeX (JAW)
\etb@tempcnta=\count267
)) (/usr/share/texlive/texmf-dist/tex/latex/mlmodern/mlmodern.sty
Package: mlmodern 2021/01/12 v1.1 Modified Latin Modern Fonts
LaTeX Font Info:    Overwriting symbol font `operators' in version `normal'
(Font)                  OT1/cmr/m/n --> OT1/mlmr/m/n on input line 27.
LaTeX Font Info:    Overwriting symbol font `letters' in version `normal'
(Font)                  OML/cmm/m/it --> OML/mlmm/m/it on input line 28.
LaTeX Font Info:    Overwriting symbol font `symbols' in version `normal'
(Font)                  OMS/cmsy/m/n --> OMS/mlmsy/m/n on input line 29.
LaTeX Font Info:    Overwriting symbol font `largesymbols' in version `normal'
(Font)                  OMX/cmex/m/n --> OMX/mlmex/m/n on input line 30.
LaTeX Font Info:    Overwriting symbol font `operators' in version `bold'
(Font)                  OT1/cmr/bx/n --> OT1/mlmr/bx/n on input line 31.
LaTeX Font Info:    Overwriting symbol font `letters' in version `bold'
(Font)                  OML/cmm/b/it --> OML/mlmm/b/it on input line 32.
LaTeX Font Info:    Overwriting symbol font `symbols' in version `bold'
(Font)                  OMS/cmsy/b/n --> OMS/mlmsy/b/n on input line 33.
LaTeX Font Info:    Overwriting symbol font `largesymbols' in version `bold'
(Font)                  OMX/cmex/m/n --> OMX/mlmex/m/n on input line 34.
LaTeX Font Info:    Overwriting math alphabet `\mathbf' in version `normal'
(Font)                  OT1/cmr/bx/n --> OT1/mlmr/bx/n on input line 36.
LaTeX Font Info:    Overwriting math alphabet `\mathsf' in version `normal'
(Font)                  OT1/cmss/m/n --> OT1/mlmss/m/n on input line 37.
LaTeX Font Info:    Overwriting math alphabet `\mathit' in version `normal'
(Font)                  OT1/cmr/m/it --> OT1/mlmr/m/it on input line 38.
LaTeX Font Info:    Overwriting math alphabet `\mathtt' in version `normal'
(Font)                  OT1/cmtt/m/n --> OT1/mlmtt/m/n on input line 39.
LaTeX Font Info:    Overwriting math alphabet `\mathbf' in version `bold'
(Font)                  OT1/cmr/bx/n --> OT1/mlmr/bx/n on input line 40.
LaTeX Font Info:    Overwriting math alphabet `\mathsf' in version `bold'
(Font)                  OT1/cmss/bx/n --> OT1/mlmss/bx/n on input line 41.
LaTeX Font Info:    Overwriting math alphabet `\mathit' in version `bold'
(Font)                  OT1/cmr/bx/it --> OT1/mlmr/bx/it on input line 42.
LaTeX Font Info:    Overwriting math alphabet `\mathtt' in version `bold'
(Font)                  OT1/cmtt/m/n --> OT1/mlmtt/m/n on input line 43.
) (/usr/share/texlive/texmf-dist/tex/latex/psnfss/charter.sty
Package: charter 2020/03/25 PSNFSS-v9.3 (P.Dyballa) 
) (/usr/share/texlive/texmf-dist/tex/latex/mathtools/mathtools.sty
Package: mathtools 2022/06/29 v1.29 mathematical typesetting tools
 (/usr/share/texlive/texmf-dist/tex/latex/tools/calc.sty
Package: calc 2023/07/08 v4.3 Infix arithmetic (KKT,FJ)
\calc@Acount=\count268
\calc@Bcount=\count269
\calc@Adimen=\dimen150
\calc@Bdimen=\dimen151
\calc@Askip=\skip50
\calc@Bskip=\skip51
LaTeX Info: Redefining \setlength on input line 80.
LaTeX Info: Redefining \addtolength on input line 81.
\calc@Ccount=\count270
\calc@Cskip=\skip52
) (/usr/share/texlive/texmf-dist/tex/latex/mathtools/mhsetup.sty
Package: mhsetup 2021/03/18 v1.4 programming setup (MH)
) (/usr/share/texlive/texmf-dist/tex/latex/amsmath/amsmath.sty
Package: amsmath 2023/05/13 v2.17o AMS math features
\@mathmargin=\skip53

For additional information on amsmath, use the `?' option.
(/usr/share/texlive/texmf-dist/tex/latex/amsmath/amstext.sty
Package: amstext 2021/08/26 v2.01 AMS text
 (/usr/share/texlive/texmf-dist/tex/latex/amsmath/amsgen.sty
File: amsgen.sty 1999/11/30 v2.0 generic functions
\@emptytoks=\toks20
\ex@=\dimen152
)) (/usr/share/texlive/texmf-dist/tex/latex/amsmath/amsbsy.sty
Package: amsbsy 1999/11/29 v1.2d Bold Symbols
\pmbraise@=\dimen153
) (/usr/share/texlive/texmf-dist/tex/latex/amsmath/amsopn.sty
Package: amsopn 2022/04/08 v2.04 operator names
)
\inf@bad=\count271
LaTeX Info: Redefining \frac on input line 234.
\uproot@=\count272
\leftroot@=\count273
LaTeX Info: Redefining \overline on input line 399.
LaTeX Info: Redefining \colon on input line 410.
\classnum@=\count274
\DOTSCASE@=\count275
LaTeX Info: Redefining \ldots on input line 496.
LaTeX Info: Redefining \dots on input line 499.
LaTeX Info: Redefining \cdots on input line 620.
\Mathstrutbox@=\box51
\strutbox@=\box52
LaTeX Info: Redefining \big on input line 722.
LaTeX Info: Redefining \Big on input line 723.
LaTeX Info: Redefining \bigg on input line 724.
LaTeX Info: Redefining \Bigg on input line 725.
\big@size=\dimen154
LaTeX Font Info:    Redeclaring font encoding OML on input line 743.
LaTeX Font Info:    Redeclaring font encoding OMS on input line 744.
\macc@depth=\count276
LaTeX Info: Redefining \bmod on input line 905.
LaTeX Info: Redefining \pmod on input line 910.
LaTeX Info: Redefining \smash on input line 940.
LaTeX Info: Redefining \relbar on input line 970.
LaTeX Info: Redefining \Relbar on input line 971.
\c@MaxMatrixCols=\count277
\dotsspace@=\muskip16
\c@parentequation=\count278
\dspbrk@lvl=\count279
\tag@help=\toks21
\row@=\count280
\column@=\count281
\maxfields@=\count282
\andhelp@=\toks22
\eqnshift@=\dimen155
\alignsep@=\dimen156
\tagshift@=\dimen157
\tagwidth@=\dimen158
\totwidth@=\dimen159
\lineht@=\dimen160
\@envbody=\toks23
\multlinegap=\skip54
\multlinetaggap=\skip55
\mathdisplay@stack=\toks24
LaTeX Info: Redefining \[ on input line 2953.
LaTeX Info: Redefining \] on input line 2954.
)
\g_MT_multlinerow_int=\count283
\l_MT_multwidth_dim=\dimen161
\origjot=\skip56
\l_MT_shortvdotswithinadjustabove_dim=\dimen162
\l_MT_shortvdotswithinadjustbelow_dim=\dimen163
\l_MT_above_intertext_sep=\dimen164
\l_MT_below_intertext_sep=\dimen165
\l_MT_above_shortintertext_sep=\dimen166
\l_MT_below_shortintertext_sep=\dimen167
\xmathstrut@box=\box53
\xmathstrut@dim=\dimen168
) (/usr/share/texlive/texmf-dist/tex/latex/amsfonts/amssymb.sty
Package: amssymb 2013/01/14 v3.01 AMS font symbols
 (/usr/share/texlive/texmf-dist/tex/latex/amsfonts/amsfonts.sty
Package: amsfonts 2013/01/14 v3.01 Basic AMSFonts support
\symAMSa=\mathgroup4
\symAMSb=\mathgroup5
LaTeX Font Info:    Redeclaring math symbol \hbar on input line 98.
LaTeX Font Info:    Overwriting math alphabet `\mathfrak' in version `bold'
(Font)                  U/euf/m/n --> U/euf/b/n on input line 106.
)) (/usr/share/texlive/texmf-dist/tex/latex/siunitx/siunitx.sty
Package: siunitx 2024-01-25 v3.3.10 A comprehensive (SI) units package
\l__siunitx_number_uncert_offset_int=\count284
\l__siunitx_number_exponent_fixed_int=\count285
\l__siunitx_number_min_decimal_int=\count286
\l__siunitx_number_min_integer_int=\count287
\l__siunitx_number_round_precision_int=\count288
\l__siunitx_number_lower_threshold_int=\count289
\l__siunitx_number_upper_threshold_int=\count290
\l__siunitx_number_group_first_int=\count291
\l__siunitx_number_group_size_int=\count292
\l__siunitx_number_group_minimum_int=\count293
\l__siunitx_angle_tmp_dim=\dimen169
\l__siunitx_angle_marker_box=\box54
\l__siunitx_angle_unit_box=\box55
\l__siunitx_compound_count_int=\count294
 (/usr/share/texlive/texmf-dist/tex/latex/translations/translations.sty
Package: translations 2022/02/05 v1.12 internationalization of LaTeX2e packages (CN)
 (/usr/share/texlive/texmf-dist/tex/generic/pdftexcmds/pdftexcmds.sty
Package: pdftexcmds 2020-06-27 v0.33 Utility functions of pdfTeX for LuaTeX (HO)
 (/usr/share/texlive/texmf-dist/tex/generic/infwarerr/infwarerr.sty
Package: infwarerr 2019/12/03 v1.5 Providing info/warning/error messages (HO)
)
Package pdftexcmds Info: \pdf@primitive is available.
Package pdftexcmds Info: \pdf@ifprimitive is available.
Package pdftexcmds Info: \pdfdraftmode found.
))
\l__siunitx_table_tmp_box=\box56
\l__siunitx_table_tmp_dim=\dimen170
\l__siunitx_table_column_width_dim=\dimen171
\l__siunitx_table_integer_box=\box57
\l__siunitx_table_decimal_box=\box58
\l__siunitx_table_uncert_box=\box59
\l__siunitx_table_before_box=\box60
\l__siunitx_table_after_box=\box61
\l__siunitx_table_before_dim=\dimen172
\l__siunitx_table_carry_dim=\dimen173
\l__siunitx_unit_tmp_int=\count295
\l__siunitx_unit_position_int=\count296
\l__siunitx_unit_total_int=\count297
 (/usr/share/texlive/texmf-dist/tex/latex/tools/array.sty
Package: array 2023/10/16 v2.5g Tabular extension package (FMi)
\col@sep=\dimen174
\ar@mcellbox=\box62
\extrarowheight=\dimen175
\NC@list=\toks25
\extratabsurround=\skip57
\backup@length=\skip58
\ar@cellbox=\box63
)) (/usr/share/texlive/texmf-dist/tex/latex/graphics/graphicx.sty
Package: graphicx 2021/09/16 v1.2d Enhanced LaTeX Graphics (DPC,SPQR)
 (/usr/share/texlive/texmf-dist/tex/latex/graphics/graphics.sty
Package: graphics 2022/03/10 v1.4e Standard LaTeX Graphics (DPC,SPQR)
 (/usr/share/texlive/texmf-dist/tex/latex/graphics/trig.sty
Package: trig 2021/08/11 v1.11 sin cos tan (DPC)
) (/usr/share/texlive/texmf-dist/tex/latex/graphics-cfg/graphics.cfg
File: graphics.cfg 2016/06/04 v1.11 sample graphics configuration
)
Package graphics Info: Driver file: pdftex.def on input line 107.
 (/usr/share/texlive/texmf-dist/tex/latex/graphics-def/pdftex.def
File: pdftex.def 2022/09/22 v1.2b Graphics/color driver for pdftex
))
\Gin@req@height=\dimen176
\Gin@req@width=\dimen177
) (/usr/share/texlive/texmf-dist/tex/latex/caption/subcaption.sty
Package: subcaption 2023/07/28 v1.6b Sub-captions (AR)
 (/usr/share/texlive/texmf-dist/tex/latex/caption/caption.sty
Package: caption 2023/08/05 v3.6o Customizing captions (AR)
 (/usr/share/texlive/texmf-dist/tex/latex/caption/caption3.sty
Package: caption3 2023/07/31 v2.4d caption3 kernel (AR)
\caption@tempdima=\dimen178
\captionmargin=\dimen179
\caption@leftmargin=\dimen180
\caption@rightmargin=\dimen181
\caption@width=\dimen182
\caption@indent=\dimen183
\caption@parindent=\dimen184
\caption@hangindent=\dimen185
Package caption Info: Standard document class detected.
)
\c@caption@flags=\count298
\c@continuedfloat=\count299
)
Package caption Info: New subtype `subfigure' on input line 238.
\c@subfigure=\count300
Package caption Info: New subtype `subtable' on input line 238.
\c@subtable=\count301
) (/usr/share/texlive/texmf-dist/tex/latex/booktabs/booktabs.sty
Package: booktabs 2020/01/12 v1.61803398 Publication quality tables
\heavyrulewidth=\dimen186
\lightrulewidth=\dimen187
\cmidrulewidth=\dimen188
\belowrulesep=\dimen189
\belowbottomsep=\dimen190
\aboverulesep=\dimen191
\abovetopsep=\dimen192
\cmidrulesep=\dimen193
\cmidrulekern=\dimen194
\defaultaddspace=\dimen195
\@cmidla=\count302
\@cmidlb=\count303
\@aboverulesep=\dimen196
\@belowrulesep=\dimen197
\@thisruleclass=\count304
\@lastruleclass=\count305
\@thisrulewidth=\dimen198
) (/usr/share/texlive/texmf-dist/tex/latex/multirow/multirow.sty
Package: multirow 2021/03/15 v2.8 Span multiple rows of a table
\multirow@colwidth=\skip59
\multirow@cntb=\count306
\multirow@dima=\skip60
\bigstrutjot=\dimen199
) (/usr/share/texlive/texmf-dist/tex/latex/float/float.sty
Package: float 2001/11/08 v1.3d Float enhancements (AL)
\c@float@type=\count307
\float@exts=\toks26
\float@box=\box64
\@float@everytoks=\toks27
\@floatcapt=\box65
) (/usr/share/texlive/texmf-dist/tex/latex/algorithmicx/algorithmicx.sty
Package: algorithmicx 2005/04/27 v1.2 Algorithmicx
 (/usr/share/texlive/texmf-dist/tex/latex/base/ifthen.sty
Package: ifthen 2022/04/13 v1.1d Standard LaTeX ifthen package (DPC)
)
Document Style algorithmicx 1.2 - a greatly improved `algorithmic' style
\c@ALG@line=\count308
\c@ALG@rem=\count309
\c@ALG@nested=\count310
\ALG@tlm=\skip61
\ALG@thistlm=\skip62
\c@ALG@Lnr=\count311
\c@ALG@blocknr=\count312
\c@ALG@storecount=\count313
\c@ALG@tmpcounter=\count314
\ALG@tmplength=\skip63
) (/usr/share/texlive/texmf-dist/tex/latex/xcolor/xcolor.sty
Package: xcolor 2023/11/15 v3.01 LaTeX color extensions (UK)
 (/usr/share/texlive/texmf-dist/tex/latex/graphics-cfg/color.cfg
File: color.cfg 2016/01/02 v1.6 sample color configuration
)
Package xcolor Info: Driver file: pdftex.def on input line 274.
 (/usr/share/texlive/texmf-dist/tex/latex/graphics/mathcolor.ltx)
Package xcolor Info: Model `cmy' substituted by `cmy0' on input line 1350.
Package xcolor Info: Model `hsb' substituted by `rgb' on input line 1354.
Package xcolor Info: Model `RGB' extended on input line 1366.
Package xcolor Info: Model `HTML' substituted by `rgb' on input line 1368.
Package xcolor Info: Model `Hsb' substituted by `hsb' on input line 1369.
Package xcolor Info: Model `tHsb' substituted by `hsb' on input line 1370.
Package xcolor Info: Model `HSB' substituted by `hsb' on input line 1371.
Package xcolor Info: Model `Gray' substituted by `gray' on input line 1372.
Package xcolor Info: Model `wave' substituted by `hsb' on input line 1373.
) (/usr/share/texlive/texmf-dist/tex/latex/fancyhdr/fancyhdr.sty
Package: fancyhdr 2022/11/09 v4.1 Extensive control of page headers and footers
\f@nch@headwidth=\skip64
\f@nch@O@elh=\skip65
\f@nch@O@erh=\skip66
\f@nch@O@olh=\skip67
\f@nch@O@orh=\skip68
\f@nch@O@elf=\skip69
\f@nch@O@erf=\skip70
\f@nch@O@olf=\skip71
\f@nch@O@orf=\skip72
) (/usr/share/texlive/texmf-dist/tex/latex/lastpage/lastpage.sty
Package: lastpage 2023/10/14 v2.0e lastpage: 2.09 or 2e? (HMM)
 (/usr/share/texlive/texmf-dist/tex/latex/lastpage/lastpage2e.sty
Package: lastpage2e 2023/10/14 v2.0e Decide which 2e lastpage version to use (HMM)
 (/usr/share/texlive/texmf-dist/tex/latex/lastpage/lastpagemodern.sty
Package: lastpagemodern 2023-10-14 v2.0e Refers to last page's name (HMM; JPG)
\c@lastpagecount=\count315
) 
)) (/usr/share/texlive/texmf-dist/tex/latex/natbib/natbib.sty
Package: natbib 2010/09/13 8.31b (PWD, AO)
\bibhang=\skip73
\bibsep=\skip74
LaTeX Info: Redefining \cite on input line 694.
\c@NAT@ctr=\count316
) (/usr/share/texlive/texmf-dist/tex/latex/hyperref/hyperref.sty
Package: hyperref 2024-01-20 v7.01h Hypertext links for LaTeX
 (/usr/share/texlive/texmf-dist/tex/generic/kvdefinekeys/kvdefinekeys.sty
Package: kvdefinekeys 2019-12-19 v1.6 Define keys (HO)
) (/usr/share/texlive/texmf-dist/tex/generic/pdfescape/pdfescape.sty
Package: pdfescape 2019/12/09 v1.15 Implements pdfTeX's escape features (HO)
) (/usr/share/texlive/texmf-dist/tex/latex/hycolor/hycolor.sty
Package: hycolor 2020-01-27 v1.10 Color options for hyperref/bookmark (HO)
) (/usr/share/texlive/texmf-dist/tex/latex/auxhook/auxhook.sty
Package: auxhook 2019-12-17 v1.6 Hooks for auxiliary files (HO)
) (/usr/share/texlive/texmf-dist/tex/latex/hyperref/nameref.sty
Package: nameref 2023-11-26 v2.56 Cross-referencing by name of section
 (/usr/share/texlive/texmf-dist/tex/latex/refcount/refcount.sty
Package: refcount 2019/12/15 v3.6 Data extraction from label references (HO)
) (/usr/share/texlive/texmf-dist/tex/generic/gettitlestring/gettitlestring.sty
Package: gettitlestring 2019/12/15 v1.6 Cleanup title references (HO)
)
\c@section@level=\count317
)
\@linkdim=\dimen256
\Hy@linkcounter=\count318
\Hy@pagecounter=\count319
 (/usr/share/texlive/texmf-dist/tex/latex/hyperref/pd1enc.def
File: pd1enc.def 2024-01-20 v7.01h Hyperref: PDFDocEncoding definition (HO)
Now handling font encoding PD1 ...
... no UTF-8 mapping file for font encoding PD1
) (/usr/share/texlive/texmf-dist/tex/generic/intcalc/intcalc.sty
Package: intcalc 2019/12/15 v1.3 Expandable calculations with integers (HO)
)
\Hy@SavedSpaceFactor=\count320
 (/usr/share/texlive/texmf-dist/tex/latex/hyperref/puenc.def
File: puenc.def 2024-01-20 v7.01h Hyperref: PDF Unicode definition (HO)
Now handling font encoding PU ...
... no UTF-8 mapping file for font encoding PU
)
Package hyperref Info: Option `colorlinks' set `true' on input line 4062.
Package hyperref Info: Hyper figures OFF on input line 4179.
Package hyperref Info: Link nesting OFF on input line 4184.
Package hyperref Info: Hyper index ON on input line 4187.
Package hyperref Info: Plain pages OFF on input line 4194.
Package hyperref Info: Backreferencing OFF on input line 4199.
Package hyperref Info: Implicit mode ON; LaTeX internals redefined.
Package hyperref Info: Bookmarks ON on input line 4446.
\c@Hy@tempcnt=\count321
 (/usr/share/texlive/texmf-dist/tex/latex/url/url.sty
\Urlmuskip=\muskip17
Package: url 2013/09/16  ver 3.4  Verb mode for urls, etc.
)
LaTeX Info: Redefining \url on input line 4784.
\XeTeXLinkMargin=\dimen257
 (/usr/share/texlive/texmf-dist/tex/generic/bitset/bitset.sty
Package: bitset 2019/12/09 v1.3 Handle bit-vector datatype (HO)
 (/usr/share/texlive/texmf-dist/tex/generic/bigintcalc/bigintcalc.sty
Package: bigintcalc 2019/12/15 v1.5 Expandable calculations on big integers (HO)
))
\Fld@menulength=\count322
\Field@Width=\dimen258
\Fld@charsize=\dimen259
Package hyperref Info: Hyper figures OFF on input line 6063.
Package hyperref Info: Link nesting OFF on input line 6068.
Package hyperref Info: Hyper index ON on input line 6071.
Package hyperref Info: backreferencing OFF on input line 6078.
Package hyperref Info: Link coloring ON on input line 6081.
Package hyperref Info: Link coloring with OCG OFF on input line 6088.
Package hyperref Info: PDF/A mode OFF on input line 6093.
 (/usr/share/texlive/texmf-dist/tex/latex/base/atbegshi-ltx.sty
Package: atbegshi-ltx 2021/01/10 v1.0c Emulation of the original atbegshi
package with kernel methods
)
\Hy@abspage=\count323
\c@Item=\count324
\c@Hfootnote=\count325
)
Package hyperref Info: Driver (autodetected): hpdftex.
 (/usr/share/texlive/texmf-dist/tex/latex/hyperref/hpdftex.def
File: hpdftex.def 2024-01-20 v7.01h Hyperref driver for pdfTeX
 (/usr/share/texlive/texmf-dist/tex/latex/base/atveryend-ltx.sty
Package: atveryend-ltx 2020/08/19 v1.0a Emulation of the original atveryend package
with kernel methods
)
\Fld@listcount=\count326
\c@bookmark@seq@number=\count327
 (/usr/share/texlive/texmf-dist/tex/latex/rerunfilecheck/rerunfilecheck.sty
Package: rerunfilecheck 2022-07-10 v1.10 Rerun checks for auxiliary files (HO)
 (/usr/share/texlive/texmf-dist/tex/generic/uniquecounter/uniquecounter.sty
Package: uniquecounter 2019/12/15 v1.4 Provide unlimited unique counter (HO)
)
Package uniquecounter Info: New unique counter `rerunfilecheck' on input line 285.
)
\Hy@SectionHShift=\skip75
) (/usr/share/texlive/texmf-dist/tex/latex/microtype/microtype.sty
Package: microtype 2023/03/13 v3.1a Micro-typographical refinements (RS)
\MT@toks=\toks28
\MT@tempbox=\box66
\MT@count=\count328
LaTeX Info: Redefining \noprotrusionifhmode on input line 1059.
LaTeX Info: Redefining \leftprotrusion on input line 1060.
\MT@prot@toks=\toks29
LaTeX Info: Redefining \rightprotrusion on input line 1078.
LaTeX Info: Redefining \textls on input line 1368.
\MT@outer@kern=\dimen260
LaTeX Info: Redefining \textmicrotypecontext on input line 1988.
\MT@listname@count=\count329
 (/usr/share/texlive/texmf-dist/tex/latex/microtype/microtype-pdftex.def
File: microtype-pdftex.def 2023/03/13 v3.1a Definitions specific to pdftex (RS)
LaTeX Info: Redefining \lsstyle on input line 902.
LaTeX Info: Redefining \lslig on input line 902.
\MT@outer@space=\skip76
)
Package microtype Info: Loading configuration file microtype.cfg.
 (/usr/share/texlive/texmf-dist/tex/latex/microtype/microtype.cfg
File: microtype.cfg 2023/03/13 v3.1a microtype main configuration file (RS)
))
LaTeX Font Info:    Trying to load font information for OT1+bch on input line 26.
 (/usr/share/texlive/texmf-dist/tex/latex/psnfss/ot1bch.fd
File: ot1bch.fd 2004/10/18 font definitions for OT1/bch.
) (/usr/share/texlive/texmf-dist/tex/latex/l3backend/l3backend-pdftex.def
File: l3backend-pdftex.def 2024-01-04 L3 backend support: PDF output (pdfTeX)
\l__color_backend_stack_int=\count330
\l__pdf_internal_box=\box67
) (./main.aux
LaTeX Info: Redefining \. on input line 11.
LaTeX Info: Redefining \% on input line 11.
)
\openout1 = `main.aux'.

LaTeX Font Info:    Checking defaults for OML/cmm/m/it on input line 26.
LaTeX Font Info:    ... okay on input line 26.
LaTeX Font Info:    Checking defaults for OMS/cmsy/m/n on input line 26.
LaTeX Font Info:    ... okay on input line 26.
LaTeX Font Info:    Checking defaults for OT1/cmr/m/n on input line 26.
LaTeX Font Info:    ... okay on input line 26.
LaTeX Font Info:    Checking defaults for T1/cmr/m/n on input line 26.
LaTeX Font Info:    ... okay on input line 26.
LaTeX Font Info:    Checking defaults for TS1/cmr/m/n on input line 26.
LaTeX Font Info:    ... okay on input line 26.
LaTeX Font Info:    Checking defaults for OMX/cmex/m/n on input line 26.
LaTeX Font Info:    ... okay on input line 26.
LaTeX Font Info:    Checking defaults for U/cmr/m/n on input line 26.
LaTeX Font Info:    ... okay on input line 26.
LaTeX Font Info:    Checking defaults for PD1/pdf/m/n on input line 26.
LaTeX Font Info:    ... okay on input line 26.
LaTeX Font Info:    Checking defaults for PU/pdf/m/n on input line 26.
LaTeX Font Info:    ... okay on input line 26.
LaTeX Info: Redefining \. on input line 26.
LaTeX Info: Redefining \% on input line 26.

*geometry* driver: auto-detecting
*geometry* detected driver: pdftex
*geometry* verbose mode - [ preamble ] result:
* driver: pdftex
* paper: a4paper
* layout: <same size as paper>
* layoutoffset:(h,v)=(0.0pt,0.0pt)
* modes: 
* h-part:(L,W,R)=(71.13188pt, 455.24411pt, 71.13188pt)
* v-part:(T,H,B)=(71.13188pt, 702.78308pt, 71.13188pt)
* \paperwidth=597.50787pt
* \paperheight=845.04684pt
* \textwidth=455.24411pt
* \textheight=702.78308pt
* \oddsidemargin=-1.1381pt
* \evensidemargin=-1.1381pt
* \topmargin=-38.1381pt
* \headheight=12.0pt
* \headsep=25.0pt
* \topskip=11.0pt
* \footskip=30.0pt
* \marginparwidth=59.0pt
* \marginparsep=10.0pt
* \columnsep=10.0pt
* \skip\footins=10.0pt plus 4.0pt minus 2.0pt
* \hoffset=0.0pt
* \voffset=0.0pt
* \mag=1000
* \@twocolumnfalse
* \@twosidefalse
* \@mparswitchfalse
* \@reversemarginfalse
* (1in=72.27pt=25.4mm, 1cm=28.453pt)

(/usr/share/texlive/texmf-dist/tex/latex/translations/translations-basic-dictionary-spanish.trsl
File: translations-basic-dictionary-spanish.trsl (spanish translation file `translations-basic-dictionary')
)
Package translations Info: loading dictionary `translations-basic-dictionary' for `spanish'. on input line 26.
 (/usr/share/texlive/texmf-dist/tex/context/base/mkii/supp-pdf.mkii
[Loading MPS to PDF converter (version 2006.09.02).]
\scratchcounter=\count331
\scratchdimen=\dimen261
\scratchbox=\box68
\nofMPsegments=\count332
\nofMParguments=\count333
\everyMPshowfont=\toks30
\MPscratchCnt=\count334
\MPscratchDim=\dimen262
\MPnumerator=\count335
\makeMPintoPDFobject=\count336
\everyMPtoPDFconversion=\toks31
) (/usr/share/texlive/texmf-dist/tex/latex/epstopdf-pkg/epstopdf-base.sty
Package: epstopdf-base 2020-01-24 v2.11 Base part for package epstopdf
Package epstopdf-base Info: Redefining graphics rule for `.eps' on input line 485.
 (/usr/share/texlive/texmf-dist/tex/latex/latexconfig/epstopdf-sys.cfg
File: epstopdf-sys.cfg 2010/07/13 v1.3 Configuration of (r)epstopdf for TeX Live
))
Package caption Info: Begin \AtBeginDocument code.
Package caption Info: float package is loaded.
Package caption Info: hyperref package is loaded.
Package caption Info: End \AtBeginDocument code.
Package hyperref Info: Link coloring ON on input line 26.
 (./main.out) (./main.out)
\@outlinefile=\write3
\openout3 = `main.out'.

LaTeX Info: Redefining \microtypecontext on input line 26.
Package microtype Info: Applying patch `item' on input line 26.
Package microtype Info: Applying patch `toc' on input line 26.
Package microtype Info: Applying patch `eqnum' on input line 26.
Package microtype Info: Applying patch `footnote' on input line 26.
Package microtype Info: Applying patch `verbatim' on input line 26.
Package microtype Info: Generating PDF output.
Package microtype Info: Character protrusion enabled (level 2).
Package microtype Info: Using default protrusion set `alltext'.
Package microtype Info: Automatic font expansion enabled (level 2),
(microtype)             stretch: 20, shrink: 20, step: 1, non-selected.
Package microtype Info: Using default expansion set `alltext-nott'.
LaTeX Info: Redefining \showhyphens on input line 26.
Package microtype Info: No adjustment of tracking.
Package microtype Info: No adjustment of interword spacing.
Package microtype Info: No adjustment of character kerning.
 (/usr/share/texlive/texmf-dist/tex/latex/microtype/mt-bch.cfg
File: mt-bch.cfg 2007/03/03 v1.5 microtype config. file: Bitstream Charter (RS)
)
LaTeX Font Info:    Trying to load font information for OT1+mlmr on input line 36.
 (/usr/share/texlive/texmf-dist/tex/latex/mlmodern/ot1mlmr.fd
File: ot1mlmr.fd 2021/01/11 v1.0 Font defs for mlmodern
) (/usr/share/texlive/texmf-dist/tex/latex/microtype/mt-cmr.cfg
File: mt-cmr.cfg 2013/05/19 v2.2 microtype config. file: Computer Modern Roman (RS)
)
LaTeX Font Info:    Trying to load font information for OML+mlmm on input line 36.
 (/usr/share/texlive/texmf-dist/tex/latex/mlmodern/omlmlmm.fd
File: omlmlmm.fd 2021/01/11 v1.0 Font defs for mlmodern
)
LaTeX Font Info:    Trying to load font information for OMS+mlmsy on input line 36.
 (/usr/share/texlive/texmf-dist/tex/latex/mlmodern/omsmlmsy.fd
File: omsmlmsy.fd 2021/01/11 v1.0 Font defs for mlmodern
)
LaTeX Font Info:    Trying to load font information for OMX+mlmex on input line 36.
 (/usr/share/texlive/texmf-dist/tex/latex/mlmodern/omxmlmex.fd
File: omxmlmex.fd 2021/01/11 v1.0 Font defs for mlmodern
)
LaTeX Font Info:    External font `mlmex10' loaded for size
(Font)              <12> on input line 36.
LaTeX Font Info:    External font `mlmex10' loaded for size
(Font)              <8> on input line 36.
LaTeX Font Info:    External font `mlmex10' loaded for size
(Font)              <6> on input line 36.
LaTeX Font Info:    Trying to load font information for U+msa on input line 36.
 (/usr/share/texlive/texmf-dist/tex/latex/amsfonts/umsa.fd
File: umsa.fd 2013/01/14 v3.01 AMS symbols A
) (/usr/share/texlive/texmf-dist/tex/latex/microtype/mt-msa.cfg
File: mt-msa.cfg 2006/02/04 v1.1 microtype config. file: AMS symbols (a) (RS)
)
LaTeX Font Info:    Trying to load font information for U+msb on input line 36.
 (/usr/share/texlive/texmf-dist/tex/latex/amsfonts/umsb.fd
File: umsb.fd 2013/01/14 v3.01 AMS symbols B
) (/usr/share/texlive/texmf-dist/tex/latex/microtype/mt-msb.cfg
File: mt-msb.cfg 2005/06/01 v1.0 microtype config. file: AMS symbols (b) (RS)
) [1

{/var/lib/texmf/fonts/map/pdftex/updmap/pdftex.map}{/usr/share/texlive/texmf-dist/fonts/enc/dvips/base/8r.enc}] (./main.toc
LaTeX Info: Redefining \. on input line 1.
LaTeX Info: Redefining \% on input line 1.
LaTeX Font Info:    External font `mlmex10' loaded for size
(Font)              <10.95> on input line 3.
 [2])
\tf@toc=\write4
\openout4 = `main.toc'.

 [3]
<Imagenes/model_simple.png, id=311, 603.75563pt x 494.59781pt>
File: Imagenes/model_simple.png Graphic file (type png)
<use Imagenes/model_simple.png>
Package pdftex.def Info: Imagenes/model_simple.png  used on input line 58.
(pdftex.def)             Requested size: 318.66948pt x 261.05637pt.
 [4{/usr/share/texmf/fonts/enc/dvips/lm/lm-mathit.enc} <./Imagenes/model_simple.png>]
<Imagenes/trolley.png, id=322, 562.35094pt x 258.21469pt>
File: Imagenes/trolley.png Graphic file (type png)
<use Imagenes/trolley.png>
Package pdftex.def Info: Imagenes/trolley.png  used on input line 77.
(pdftex.def)             Requested size: 455.24411pt x 209.03455pt.
 [5{/usr/share/texmf/fonts/enc/dvips/lm/lm-rm.enc}{/usr/share/texmf/fonts/enc/dvips/lm/lm-mathsy.enc} <./Imagenes/trolley.png>] [6{/usr/share/texmf/fonts/enc/dvips/lm/lm-mathex.enc}]
<Imagenes/carro_planta.png, id=356, 847.66687pt x 513.41812pt>
File: Imagenes/carro_planta.png Graphic file (type png)
<use Imagenes/carro_planta.png>
Package pdftex.def Info: Imagenes/carro_planta.png  used on input line 210.
(pdftex.def)             Requested size: 455.24411pt x 275.72966pt.
<Imagenes/hoist.png, id=357, 561.59813pt x 273.27094pt>
File: Imagenes/hoist.png Graphic file (type png)
<use Imagenes/hoist.png>
Package pdftex.def Info: Imagenes/hoist.png  used on input line 218.
(pdftex.def)             Requested size: 455.24411pt x 221.51918pt.
 [7 <./Imagenes/carro_planta.png>] [8 <./Imagenes/hoist.png>] [9]
Overfull \hbox (0.69325pt too wide) detected at line 368
[][][][] \OT1/mlmr/m/n/10.95 = [] []
 []

[10]
<Imagenes/izaje_planta.png, id=405, 840.89156pt x 514.92375pt>
File: Imagenes/izaje_planta.png Graphic file (type png)
<use Imagenes/izaje_planta.png>
Package pdftex.def Info: Imagenes/izaje_planta.png  used on input line 425.
(pdftex.def)             Requested size: 455.24411pt x 278.76967pt.
 [11] [12 <./Imagenes/izaje_planta.png>] [13] [14]
<Imagenes/planta_completa.png, id=449, 597.73312pt x 508.14844pt>
File: Imagenes/planta_completa.png Graphic file (type png)
<use Imagenes/planta_completa.png>
Package pdftex.def Info: Imagenes/planta_completa.png  used on input line 550.
(pdftex.def)             Requested size: 455.24411pt x 387.0187pt.
 [15 <./Imagenes/planta_completa.png>] [16] [17] [18] [19] [20] [21]
<Imagenes/control_carro.png, id=529, 736.25063pt x 519.44063pt>
File: Imagenes/control_carro.png Graphic file (type png)
<use Imagenes/control_carro.png>
Package pdftex.def Info: Imagenes/control_carro.png  used on input line 838.
(pdftex.def)             Requested size: 455.24411pt x 321.19385pt.
<Imagenes/control_izaje.png, id=530, 859.71187pt x 514.17094pt>
File: Imagenes/control_izaje.png Graphic file (type png)
<use Imagenes/control_izaje.png>
Package pdftex.def Info: Imagenes/control_izaje.png  used on input line 843.
(pdftex.def)             Requested size: 455.24411pt x 272.27394pt.
 [22]
<Imagenes/control_regulatorio.png, id=535, 367.3725pt x 502.12593pt>
File: Imagenes/control_regulatorio.png Graphic file (type png)
<use Imagenes/control_regulatorio.png>
Package pdftex.def Info: Imagenes/control_regulatorio.png  used on input line 848.
(pdftex.def)             Requested size: 364.19667pt x 497.81876pt.
 [23 <./Imagenes/control_carro.png> <./Imagenes/control_izaje.png>] [24 <./Imagenes/control_regulatorio.png>]
<Imagenes/maquina_estados.png, id=551, 886.81313pt x 416.30531pt>
File: Imagenes/maquina_estados.png Graphic file (type png)
<use Imagenes/maquina_estados.png>
Package pdftex.def Info: Imagenes/maquina_estados.png  used on input line 867.
(pdftex.def)             Requested size: 455.24411pt x 213.71675pt.
LaTeX Font Info:    Trying to load font information for OT1+mlmtt on input line 872.
 (/usr/share/texlive/texmf-dist/tex/latex/mlmodern/ot1mlmtt.fd
File: ot1mlmtt.fd 2021/01/11 v1.0 Font defs for mlmodern
)
Package microtype Info: Loading generic protrusion settings for font family
(microtype)             `mlmtt' (encoding: OT1).
(microtype)             For optimal results, create family-specific settings.
(microtype)             See the microtype manual for details.
<Imagenes/twistlocks.png, id=552, 664.73344pt x 109.91063pt>
File: Imagenes/twistlocks.png Graphic file (type png)
<use Imagenes/twistlocks.png>
Package pdftex.def Info: Imagenes/twistlocks.png  used on input line 875.
(pdftex.def)             Requested size: 455.24411pt x 75.27321pt.
 [25 <./Imagenes/maquina_estados.png>]
<Imagenes/manejo_cruceta.png, id=560, 642.14906pt x 502.87875pt>
File: Imagenes/manejo_cruceta.png Graphic file (type png)
<use Imagenes/manejo_cruceta.png>
Package pdftex.def Info: Imagenes/manejo_cruceta.png  used on input line 883.
(pdftex.def)             Requested size: 300.46277pt x 235.3018pt.
<Imagenes/indices_perfil.png, id=561, 797.22844pt x 377.15906pt>
File: Imagenes/indices_perfil.png Graphic file (type png)
<use Imagenes/indices_perfil.png>
Package pdftex.def Info: Imagenes/indices_perfil.png  used on input line 891.
(pdftex.def)             Requested size: 455.24411pt x 215.36848pt.
 [26{/usr/share/texmf/fonts/enc/dvips/lm/lm-rmtt.enc} <./Imagenes/twistlocks.png> <./Imagenes/manejo_cruceta.png>]
<Imagenes/watchdog_heartbeat.png, id=571, 325.215pt x 290.58563pt>
File: Imagenes/watchdog_heartbeat.png Graphic file (type png)
<use Imagenes/watchdog_heartbeat.png>
Package pdftex.def Info: Imagenes/watchdog_heartbeat.png  used on input line 899.
(pdftex.def)             Requested size: 182.09486pt x 162.7091pt.
 [27 <./Imagenes/indices_perfil.png> <./Imagenes/watchdog_heartbeat.png>]
<Imagenes/control_supervisor.png, id=580, 278.54062pt x 520.94624pt>
File: Imagenes/control_supervisor.png Graphic file (type png)
<use Imagenes/control_supervisor.png>
Package pdftex.def Info: Imagenes/control_supervisor.png  used on input line 909.
(pdftex.def)             Requested size: 273.14923pt x 510.8736pt.
<Imagenes/joystick.png, id=581, 989.19562pt x 511.9125pt>
File: Imagenes/joystick.png Graphic file (type png)
<use Imagenes/joystick.png>
Package pdftex.def Info: Imagenes/joystick.png  used on input line 917.
(pdftex.def)             Requested size: 455.24411pt x 235.58415pt.
 [28 <./Imagenes/control_supervisor.png>] [29 <./Imagenes/joystick.png>]
<Imagenes/estados_seguridad.png, id=594, 991.45406pt x 461.47406pt>
File: Imagenes/estados_seguridad.png Graphic file (type png)
<use Imagenes/estados_seguridad.png>
Package pdftex.def Info: Imagenes/estados_seguridad.png  used on input line 942.
(pdftex.def)             Requested size: 455.24411pt x 211.89334pt.
<Imagenes/watchdog.png, id=595, 527.72156pt x 389.95688pt>
File: Imagenes/watchdog.png Graphic file (type png)
<use Imagenes/watchdog.png>
Package pdftex.def Info: Imagenes/watchdog.png  used on input line 952.
(pdftex.def)             Requested size: 250.38564pt x 185.01723pt.
 [30 <./Imagenes/estados_seguridad.png>]
<Imagenes/control_seguridad.png, id=603, 515.67656pt x 506.6428pt>
File: Imagenes/control_seguridad.png Graphic file (type png)
<use Imagenes/control_seguridad.png>
Package pdftex.def Info: Imagenes/control_seguridad.png  used on input line 959.
(pdftex.def)             Requested size: 364.19667pt x 357.82487pt.
<Imagenes/unity1.png, id=604, 191.9672pt x 499.11469pt>
File: Imagenes/unity1.png Graphic file (type png)
<use Imagenes/unity1.png>
Package pdftex.def Info: Imagenes/unity1.png  used on input line 969.
(pdftex.def)             Requested size: 182.09486pt x 473.47844pt.
<Imagenes/unity2.png, id=605, 195.73125pt x 401.24907pt>
File: Imagenes/unity2.png Graphic file (type png)
<use Imagenes/unity2.png>
Package pdftex.def Info: Imagenes/unity2.png  used on input line 974.
(pdftex.def)             Requested size: 182.09486pt x 373.31696pt.
 [31 <./Imagenes/watchdog.png> <./Imagenes/control_seguridad.png>]
<Imagenes/unity_grua1.png, id=615, 1084.05pt x 609.77812pt>
File: Imagenes/unity_grua1.png Graphic file (type png)
<use Imagenes/unity_grua1.png>
Package pdftex.def Info: Imagenes/unity_grua1.png  used on input line 982.
(pdftex.def)             Requested size: 455.24411pt x 256.07715pt.
<Imagenes/unity_grua2.png, id=616, 1084.05pt x 609.77812pt>
File: Imagenes/unity_grua2.png Graphic file (type png)
<use Imagenes/unity_grua2.png>
Package pdftex.def Info: Imagenes/unity_grua2.png  used on input line 987.
(pdftex.def)             Requested size: 455.24411pt x 256.07715pt.
 [32 <./Imagenes/unity1.png> <./Imagenes/unity2.png>]
<Imagenes/unity_grua3.png, id=624, 1084.05pt x 609.77812pt>
File: Imagenes/unity_grua3.png Graphic file (type png)
<use Imagenes/unity_grua3.png>
Package pdftex.def Info: Imagenes/unity_grua3.png  used on input line 992.
(pdftex.def)             Requested size: 455.24411pt x 256.07715pt.
<Imagenes/unity_grua4.png, id=625, 1084.05pt x 609.77812pt>
File: Imagenes/unity_grua4.png Graphic file (type png)
<use Imagenes/unity_grua4.png>
Package pdftex.def Info: Imagenes/unity_grua4.png  used on input line 997.
(pdftex.def)             Requested size: 455.24411pt x 256.07715pt.
 [33 <./Imagenes/unity_grua1.png> <./Imagenes/unity_grua2.png>]
<Imagenes/unity_grua5.png, id=634, 1084.05pt x 609.77812pt>
File: Imagenes/unity_grua5.png Graphic file (type png)
<use Imagenes/unity_grua5.png>
Package pdftex.def Info: Imagenes/unity_grua5.png  used on input line 1002.
(pdftex.def)             Requested size: 455.24411pt x 256.07715pt.
 [34 <./Imagenes/unity_grua3.png> <./Imagenes/unity_grua4.png>]
<Imagenes/arbol_codesys.png, id=643, 236.38312pt x 228.855pt>
File: Imagenes/arbol_codesys.png Graphic file (type png)
<use Imagenes/arbol_codesys.png>
Package pdftex.def Info: Imagenes/arbol_codesys.png  used on input line 1010.
(pdftex.def)             Requested size: 227.62206pt x 220.37924pt.
 [35 <./Imagenes/unity_grua5.png> <./Imagenes/arbol_codesys.png>]
<Imagenes/control_carro_funciones.png, id=652, 804.00375pt x 412.54124pt>
File: Imagenes/control_carro_funciones.png Graphic file (type png)
<use Imagenes/control_carro_funciones.png>
Package pdftex.def Info: Imagenes/control_carro_funciones.png  used on input line 1020.
(pdftex.def)             Requested size: 455.24411pt x 233.58983pt.
<Imagenes/control_izaje_funciones.png, id=653, 914.2155pt x 437.83575pt>
File: Imagenes/control_izaje_funciones.png Graphic file (type png)
<use Imagenes/control_izaje_funciones.png>
Package pdftex.def Info: Imagenes/control_izaje_funciones.png  used on input line 1025.
(pdftex.def)             Requested size: 455.24411pt x 218.02878pt.
<Imagenes/codesys_regulatorio.png, id=654, 481.8pt x 504.38437pt>
File: Imagenes/codesys_regulatorio.png Graphic file (type png)
<use Imagenes/codesys_regulatorio.png>
Package pdftex.def Info: Imagenes/codesys_regulatorio.png  used on input line 1032.
(pdftex.def)             Requested size: 364.19667pt x 381.28119pt.
 [36 <./Imagenes/control_carro_funciones.png> <./Imagenes/control_izaje_funciones.png>]
<Imagenes/codesys_supervisor1.png, id=663, 626.34pt x 189.70876pt>
File: Imagenes/codesys_supervisor1.png Graphic file (type png)
<use Imagenes/codesys_supervisor1.png>
Package pdftex.def Info: Imagenes/codesys_supervisor1.png  used on input line 1040.
(pdftex.def)             Requested size: 455.24411pt x 137.88992pt.
 [37 <./Imagenes/codesys_regulatorio.png> <./Imagenes/codesys_supervisor1.png>]
<Imagenes/codesys_supervisor2.png, id=673, 1126.80975pt x 257.16075pt>
File: Imagenes/codesys_supervisor2.png Graphic file (type png)
<use Imagenes/codesys_supervisor2.png>
Package pdftex.def Info: Imagenes/codesys_supervisor2.png  used on input line 1048.
(pdftex.def)             Requested size: 455.24411pt x 103.89447pt.
<Imagenes/codesys_supervisor3.png, id=674, 748.29562pt x 459.21562pt>
File: Imagenes/codesys_supervisor3.png Graphic file (type png)
<use Imagenes/codesys_supervisor3.png>
Package pdftex.def Info: Imagenes/codesys_supervisor3.png  used on input line 1055.
(pdftex.def)             Requested size: 455.24411pt x 279.37837pt.
<Imagenes/codesys_supervisor3a.png, id=675, 763.35187pt x 274.77657pt>
File: Imagenes/codesys_supervisor3a.png Graphic file (type png)
<use Imagenes/codesys_supervisor3a.png>
Package pdftex.def Info: Imagenes/codesys_supervisor3a.png  used on input line 1059.
(pdftex.def)             Requested size: 455.24411pt x 163.86932pt.
 [38 <./Imagenes/codesys_supervisor2.png> <./Imagenes/codesys_supervisor3.png>]
<Imagenes/codesys_supervisor4.png, id=684, 569.12625pt x 308.352pt>
File: Imagenes/codesys_supervisor4.png Graphic file (type png)
<use Imagenes/codesys_supervisor4.png>
Package pdftex.def Info: Imagenes/codesys_supervisor4.png  used on input line 1066.
(pdftex.def)             Requested size: 455.24411pt x 246.6631pt.
<Imagenes/codesys_supervisor5.png, id=685, 186.6975pt x 193.32225pt>
File: Imagenes/codesys_supervisor5.png Graphic file (type png)
<use Imagenes/codesys_supervisor5.png>
Package pdftex.def Info: Imagenes/codesys_supervisor5.png  used on input line 1073.
(pdftex.def)             Requested size: 182.09486pt x 188.56364pt.
 [39 <./Imagenes/codesys_supervisor3a.png> <./Imagenes/codesys_supervisor4.png>]
<Imagenes/codesys_supervisor6.png, id=694, 180.675pt x 190.91325pt>
File: Imagenes/codesys_supervisor6.png Graphic file (type png)
<use Imagenes/codesys_supervisor6.png>
Package pdftex.def Info: Imagenes/codesys_supervisor6.png  used on input line 1080.
(pdftex.def)             Requested size: 182.09486pt x 192.41592pt.
<Imagenes/codesys_seguridad1.png, id=695, 270.41025pt x 189.70876pt>
File: Imagenes/codesys_seguridad1.png Graphic file (type png)
<use Imagenes/codesys_seguridad1.png>
Package pdftex.def Info: Imagenes/codesys_seguridad1.png  used on input line 1090.
(pdftex.def)             Requested size: 227.62206pt x 159.69005pt.
 [40 <./Imagenes/codesys_supervisor5.png> <./Imagenes/codesys_supervisor6.png>]
<Imagenes/codesys_seguridad2.png, id=705, 615.4995pt x 258.9675pt>
File: Imagenes/codesys_seguridad2.png Graphic file (type png)
<use Imagenes/codesys_seguridad2.png>
Package pdftex.def Info: Imagenes/codesys_seguridad2.png  used on input line 1096.
(pdftex.def)             Requested size: 455.24411pt x 191.54994pt.
<Imagenes/codesys_seguridad3.png, id=706, 430.60875pt x 191.5155pt>
File: Imagenes/codesys_seguridad3.png Graphic file (type png)
<use Imagenes/codesys_seguridad3.png>
Package pdftex.def Info: Imagenes/codesys_seguridad3.png  used on input line 1102.
(pdftex.def)             Requested size: 364.19667pt x 161.98238pt.
 [41 <./Imagenes/codesys_seguridad1.png> <./Imagenes/codesys_seguridad2.png> <./Imagenes/codesys_seguridad3.png>]
<Imagenes/config_OPC.png, id=717, 368.87813pt x 386.19281pt>
File: Imagenes/config_OPC.png Graphic file (type png)
<use Imagenes/config_OPC.png>
Package pdftex.def Info: Imagenes/config_OPC.png  used on input line 1112.
(pdftex.def)             Requested size: 364.19667pt x 381.28902pt.
<Imagenes/config_OPC2.png, id=718, 633.11531pt x 164.86594pt>
File: Imagenes/config_OPC2.png Graphic file (type png)
<use Imagenes/config_OPC2.png>
Package pdftex.def Info: Imagenes/config_OPC2.png  used on input line 1117.
(pdftex.def)             Requested size: 455.24411pt x 118.54991pt.
 [42 <./Imagenes/config_OPC.png> <./Imagenes/config_OPC2.png>]
<Imagenes/simulink_client_regulatorio.png, id=727, 725.71124pt x 482.55281pt>
File: Imagenes/simulink_client_regulatorio.png Graphic file (type png)
<use Imagenes/simulink_client_regulatorio.png>
Package pdftex.def Info: Imagenes/simulink_client_regulatorio.png  used on input line 1130.
(pdftex.def)             Requested size: 455.24411pt x 302.71396pt.
<Imagenes/simulink_client_supervisor.png, id=728, 725.71124pt x 483.30562pt>
File: Imagenes/simulink_client_supervisor.png Graphic file (type png)
<use Imagenes/simulink_client_supervisor.png>
Package pdftex.def Info: Imagenes/simulink_client_supervisor.png  used on input line 1135.
(pdftex.def)             Requested size: 455.24411pt x 303.18622pt.
<Imagenes/simulink_client_seguridad.png, id=729, 907.13907pt x 332.74312pt>
File: Imagenes/simulink_client_seguridad.png Graphic file (type png)
<use Imagenes/simulink_client_seguridad.png>
Package pdftex.def Info: Imagenes/simulink_client_seguridad.png  used on input line 1140.
(pdftex.def)             Requested size: 455.24411pt x 166.98549pt.
 [43 <./Imagenes/simulink_client_regulatorio.png>] [44 <./Imagenes/simulink_client_supervisor.png> <./Imagenes/simulink_client_seguridad.png>] [45] 
enddocument/afterlastpage: lastpage setting LastPage.
(./main.aux
LaTeX Info: Redefining \. on input line 11.
LaTeX Info: Redefining \% on input line 11.
)
 ***********
LaTeX2e <2023-11-01> patch level 1
L3 programming layer <2024-01-22>
 ***********
Package rerunfilecheck Info: File `main.out' has not changed.
(rerunfilecheck)             Checksum: AEA4E9FC0C0E5D87522345EE5DBDF70E;14146.
 ) 
Here is how much of TeX's memory you used:
 22099 strings out of 474222
 416324 string characters out of 5748734
 1946975 words of memory out of 5000000
 43542 multiletter control sequences out of 15000+600000
 618801 words of font info for 258 fonts, out of 8000000 for 9000
 1141 hyphenation exceptions out of 8191
 73i,12n,80p,1051b,1258s stack positions out of 10000i,1000n,20000p,200000b,200000s
</usr/share/texlive/texmf-dist/fonts/type1/bitstrea/charter/bchb8a.pfb></usr/share/texlive/texmf-dist/fonts/type1/bitstrea/charter/bchr8a.pfb></usr/share/texlive/texmf-dist/fonts/type1/bitstrea/charter/bchri8a.pfb></usr/share/texlive/texmf-dist/fonts/type1/public/mlmodern/mlmex10.pfb></usr/share/texlive/texmf-dist/fonts/type1/public/mlmodern/mlmmi10.pfb></usr/share/texlive/texmf-dist/fonts/type1/public/mlmodern/mlmmi6.pfb></usr/share/texlive/texmf-dist/fonts/type1/public/mlmodern/mlmmi8.pfb></usr/share/texlive/texmf-dist/fonts/type1/public/mlmodern/mlmr10.pfb></usr/share/texlive/texmf-dist/fonts/type1/public/mlmodern/mlmr6.pfb></usr/share/texlive/texmf-dist/fonts/type1/public/mlmodern/mlmr8.pfb></usr/share/texlive/texmf-dist/fonts/type1/public/mlmodern/mlmsy10.pfb></usr/share/texlive/texmf-dist/fonts/type1/public/mlmodern/mlmsy8.pfb></usr/share/texlive/texmf-dist/fonts/type1/public/mlmodern/mlmtk10.pfb></usr/share/texlive/texmf-dist/fonts/type1/public/mlmodern/mlmtt10.pfb>
Output written on main.pdf (45 pages, 6838371 bytes).
PDF statistics:
 871 PDF objects out of 1000 (max. 8388607)
 699 compressed objects within 7 object streams
 251 named destinations out of 1000 (max. 500000)
 52914 words of extra memory for PDF output out of 61914 (max. 10000000)

